#
# A fatal error has been detected by the Java Runtime Environment:
#
#  EXCEPTION_ACCESS_VIOLATION (0xc0000005) at pc=0x00007ff989f6a579, pid=14624, tid=8484
#
# JRE version: OpenJDK Runtime Environment (19.0.2+7) (build 19.0.2+7-44)
# Java VM: OpenJDK 64-Bit Server VM (19.0.2+7-44, mixed mode, emulated-client, sharing, tiered, compressed oops, compressed class ptrs, g1 gc, windows-amd64)
# Problematic frame:
# V  [jvm.dll+0x35a579]
#
# No core dump will be written. Minidumps are not enabled by default on client versions of Windows
#
# If you would like to submit a bug report, please visit:
#   https://bugreport.java.com/bugreport/crash.jsp
#

---------------  S U M M A R Y ------------

Command Line: -XX:TieredStopAtLevel=1 -Dspring.output.ansi.enabled=always -Dcom.sun.management.jmxremote -Dspring.jmx.enabled=true -Dspring.liveBeansView.mbeanDomain -Dspring.application.admin.enabled=true -Dmanagement.endpoints.jmx.exposure.include=* -javaagent:C:\Program Files\JetBrains\IntelliJ IDEA 2022.3.2\lib\idea_rt.jar=56475:C:\Program Files\JetBrains\IntelliJ IDEA 2022.3.2\bin -Dfile.encoding=UTF-8 -Dsun.stdout.encoding=UTF-8 -Dsun.stderr.encoding=UTF-8 com.dhinesh.ordermanagement.Application

Host: 11th Gen Intel(R) Core(TM) i5-11400H @ 2.70GHz, 12 cores, 15G,  Windows 10 , 64 bit Build 19041 (10.0.19041.2788)
Time: Thu Apr 13 17:18:10 2023 GMT Daylight Time elapsed time: 2.658146 seconds (0d 0h 0m 2s)

---------------  T H R E A D  ---------------

Current thread (0x000001b9086d1560):  WorkerThread "GC Thread#6" [stack: 0x00000044aba00000,0x00000044abb00000] [id=8484]

Stack: [0x00000044aba00000,0x00000044abb00000],  sp=0x00000044abaff8d0,  free space=1022k
Native frames: (J=compiled Java code, j=interpreted, Vv=VM code, C=native code)
V  [jvm.dll+0x35a579]
V  [jvm.dll+0x356d5e]
V  [jvm.dll+0x367648]
V  [jvm.dll+0x36987b]
V  [jvm.dll+0x367d7a]
V  [jvm.dll+0x3693da]
V  [jvm.dll+0x3751a3]
V  [jvm.dll+0x3752eb]
V  [jvm.dll+0x8835d7]
V  [jvm.dll+0x80125a]
V  [jvm.dll+0x6ecf0b]
C  [ucrtbase.dll+0x21bb2]
C  [KERNEL32.DLL+0x17604]
C  [ntdll.dll+0x526a1]


siginfo: EXCEPTION_ACCESS_VIOLATION (0xc0000005), reading address 0x000000070081a248


Registers:
RAX=0x0000000000000000, RBX=0x000001b90922c0b0, RCX=0x0000000000000015, RDX=0x0000000000000000
RSP=0x00000044abaff8d0, RBP=0x00000000000019c7, RSI=0x000001b96bae64d0, RDI=0x00000007059aa354
R8 =0x00000007059aa490, R9 =0x00007ff989c10000, R10=0x000000070081a248, R11=0x0000000000000001
R12=0x00000044abaffb40, R13=0x000001b96bae2c40, R14=0x0000000000000040, R15=0x0000000000000000
RIP=0x00007ff989f6a579, EFLAGS=0x0000000000010246


Register to memory mapping:

RIP=0x00007ff989f6a579 jvm.dll
RAX=0x0 is NULL
RBX=0x000001b90922c0b0 points into unknown readable memory: 0x00007ff98a5a6080 | 80 60 5a 8a f9 7f 00 00
RCX=0x0000000000000015 is an unknown value
RDX=0x0 is NULL
RSP=0x00000044abaff8d0 points into unknown readable memory: 0x000001b909220000 | 00 00 22 09 b9 01 00 00
RBP=0x00000000000019c7 is an unknown value
RSI=0x000001b96bae64d0 points into unknown readable memory: 0x0000000000000000 | 00 00 00 00 00 00 00 00
RDI=
[error occurred during error reporting (printing register info), id 0xc0000005, EXCEPTION_ACCESS_VIOLATION (0xc0000005) at pc=0x00007ff989f32706]

Top of Stack: (sp=0x00000044abaff8d0)
0x00000044abaff8d0:   000001b909220000 000001b96bae0001
0x00000044abaff8e0:   0000000700000000 0000000000000038
0x00000044abaff8f0:   000001b9774f73c0 0000000000000040
0x00000044abaff900:   0000000000001000 00000044abaffb40
0x00000044abaff910:   0000000704878000 00007ff989f66d5e
0x00000044abaff920:   0000000704878000 000001b90922c0b0
0x00000044abaff930:   000001b96bae2c40 000001b9774f73c0
0x00000044abaff940:   0000000001941747 00000001a708d852
0x00000044abaff950:   00000044abaffb40 0000000704878000
0x00000044abaff960:   0000000704880018 00007ff989f77648
0x00000044abaff970:   0000000704878000 00000044abaff990
0x00000044abaff980:   00000044abaff9a0 00000044abaffb40
0x00000044abaff990:   0000000704878000 0000000000001000
0x00000044abaff9a0:   00007ff98a5a6f70 0000000000000000
0x00000044abaff9b0:   000001b96badc4f0 000001b90922c0b0
0x00000044abaff9c0:   00000044abaffb98 000001b9774f1c00 

Instructions: (pc=0x00007ff989f6a579)
0x00007ff989f6a479:   fd ff ff 48 8d 57 fe 48 8b cb e8 18 f4 ff ff e9
0x00007ff989f6a489:   d3 fd ff ff 0f 1f 00 48 8b 73 10 8b ae 80 00 00
0x00007ff989f6a499:   00 8b cd 8b 86 00 01 00 00 2b c8 81 e1 ff ff 01
0x00007ff989f6a4a9:   00 41 3b ce 0f 86 4b 02 00 00 ff cd 81 e5 ff ff
0x00007ff989f6a4b9:   01 00 89 ae 80 00 00 00 e8 1a 52 38 00 90 8b d5
0x00007ff989f6a4c9:   48 8b 86 80 01 00 00 8b cd 48 8b 3c e8 8b 86 00
0x00007ff989f6a4d9:   01 00 00 2b c8 81 e1 ff ff 01 00 81 f9 ff ff 01
0x00007ff989f6a4e9:   00 41 0f 44 cf 85 c9 75 3d 90 89 6c 24 50 48 8b
0x00007ff989f6a4f9:   86 00 01 00 00 48 8b c8 48 c1 e9 20 ff c1 89 4c
0x00007ff989f6a509:   24 54 3b e8 0f 85 d9 01 00 00 48 c1 e1 20 48 0b
0x00007ff989f6a519:   ca f0 48 0f b1 8e 00 01 00 00 0f 85 c3 01 00 00
0x00007ff989f6a529:   8b 86 00 01 00 00 40 f6 c7 01 0f 84 a7 00 00 00
0x00007ff989f6a539:   8b 0d 31 a3 7f 00 48 ff cf 48 8b 43 08 44 8b 17
0x00007ff989f6a549:   49 d3 e2 8b 88 20 06 00 00 48 8b 80 10 06 00 00
0x00007ff989f6a559:   4c 03 15 08 a3 7f 00 49 8b d2 48 d3 ea 0f b7 14
0x00007ff989f6a569:   50 0f b7 c2 66 c1 e8 08 84 c0 0f 88 17 ff ff ff
0x00007ff989f6a579:   4d 8b 02 41 0f b6 c0 24 03 3c 03 75 06 49 83 e0
0x00007ff989f6a589:   fc eb 11 4d 8b c8 48 8b cb 4d 8b c2 e8 f6 ed ff
0x00007ff989f6a599:   ff 4c 8b c0 8b 0d cd a2 7f 00 49 8b d0 48 2b 15
0x00007ff989f6a5a9:   bb a2 7f 00 48 d3 ea 89 17 49 8b d0 8b 0d e5 e7
0x00007ff989f6a5b9:   87 00 48 33 d7 48 d3 ea 48 85 d2 0f 84 c6 fe ff
0x00007ff989f6a5c9:   ff 48 8b 43 08 8b 88 20 06 00 00 4c 8b 88 10 06
0x00007ff989f6a5d9:   00 00 e9 87 00 00 00 40 f6 c7 03 0f 85 f1 00 00
0x00007ff989f6a5e9:   00 48 8b 43 08 4c 8b 17 49 8b d2 8b 88 20 06 00
0x00007ff989f6a5f9:   00 48 8b 80 10 06 00 00 48 d3 ea 0f b7 14 50 0f
0x00007ff989f6a609:   b7 c2 66 c1 e8 08 84 c0 0f 88 79 fe ff ff 4d 8b
0x00007ff989f6a619:   02 41 0f b6 c0 24 03 3c 03 75 06 49 83 e0 fc eb
0x00007ff989f6a629:   11 4d 8b c8 48 8b cb 4d 8b c2 e8 58 ed ff ff 4c
0x00007ff989f6a639:   8b c0 49 8b d0 4c 89 07 8b 0d 59 e7 87 00 48 33
0x00007ff989f6a649:   d7 48 d3 ea 48 85 d2 0f 84 3a fe ff ff 48 8b 53
0x00007ff989f6a659:   08 8b 8a 20 06 00 00 4c 8b 8a 10 06 00 00 48 8b
0x00007ff989f6a669:   c7 48 d3 e8 41 0f b7 14 41 66 c1 ea 08 80 fa fe 


Stack slot to memory mapping:
stack at sp + 0 slots: 0x000001b909220000 points into unknown readable memory: 0x544a00412c820001 | 01 00 82 2c 41 00 4a 54
stack at sp + 1 slots: 0x000001b96bae0001 points into unknown readable memory: 00 00 00 00 00 00 00
stack at sp + 2 slots: 0x0000000700000000 is an unknown value
stack at sp + 3 slots: 0x0000000000000038 is an unknown value
stack at sp + 4 slots: 0x000001b9774f73c0 points into unknown readable memory: 0xffffffffffffffff | ff ff ff ff ff ff ff ff
stack at sp + 5 slots: 0x0000000000000040 is an unknown value
stack at sp + 6 slots: 0x0000000000001000 is an unknown value
stack at sp + 7 slots: 0x00000044abaffb40 points into unknown readable memory: 0x00007ff98a5a7190 | 90 71 5a 8a f9 7f 00 00


---------------  P R O C E S S  ---------------

Threads class SMR info:
_java_thread_list=0x000001b909435920, length=20, elements={
0x000001b96bac8690, 0x000001b97f156710, 0x000001b97f157400, 0x000001b97f1605a0,
0x000001b97f162220, 0x000001b97f167b70, 0x000001b97f16d500, 0x000001b97f172370,
0x000001b97f16f4e0, 0x000001b97f16fa30, 0x000001b97f1311d0, 0x000001b97f131750,
0x000001b97f26a110, 0x000001b97f16da50, 0x000001b97f16ea40, 0x000001b97f16dfa0,
0x000001b97f16e4f0, 0x000001b97f16ff80, 0x000001b97f1704d0, 0x000001b97f16cfb0
}

Java Threads: ( => current thread )
  0x000001b96bac8690 JavaThread "main" [_thread_blocked, id=16000, stack(0x00000044a9d00000,0x00000044a9e00000)]
  0x000001b97f156710 JavaThread "Reference Handler" daemon [_thread_blocked, id=21732, stack(0x00000044aa500000,0x00000044aa600000)]
  0x000001b97f157400 JavaThread "Finalizer" daemon [_thread_blocked, id=16132, stack(0x00000044aa600000,0x00000044aa700000)]
  0x000001b97f1605a0 JavaThread "Signal Dispatcher" daemon [_thread_blocked, id=6556, stack(0x00000044aa700000,0x00000044aa800000)]
  0x000001b97f162220 JavaThread "Attach Listener" daemon [_thread_blocked, id=21232, stack(0x00000044aa800000,0x00000044aa900000)]
  0x000001b97f167b70 JavaThread "Service Thread" daemon [_thread_blocked, id=20404, stack(0x00000044aa900000,0x00000044aaa00000)]
  0x000001b97f16d500 JavaThread "Monitor Deflation Thread" daemon [_thread_blocked, id=13776, stack(0x00000044aaa00000,0x00000044aab00000)]
  0x000001b97f172370 JavaThread "C1 CompilerThread0" daemon [_thread_blocked, id=11764, stack(0x00000044aab00000,0x00000044aac00000)]
  0x000001b97f16f4e0 JavaThread "Sweeper thread" daemon [_thread_blocked, id=9648, stack(0x00000044aac00000,0x00000044aad00000)]
  0x000001b97f16fa30 JavaThread "Common-Cleaner" daemon [_thread_blocked, id=948, stack(0x00000044aad00000,0x00000044aae00000)]
  0x000001b97f1311d0 JavaThread "C1 CompilerThread1" daemon [_thread_blocked, id=4052, stack(0x00000044aae00000,0x00000044aaf00000)]
  0x000001b97f131750 JavaThread "C1 CompilerThread2" daemon [_thread_blocked, id=20552, stack(0x00000044aaf00000,0x00000044ab000000)]
  0x000001b97f26a110 JavaThread "C1 CompilerThread3" daemon [_thread_blocked, id=19712, stack(0x00000044ab000000,0x00000044ab100000)]
  0x000001b97f16da50 JavaThread "Monitor Ctrl-Break" daemon [_thread_in_native, id=14632, stack(0x00000044ab100000,0x00000044ab200000)]
  0x000001b97f16ea40 JavaThread "Notification Thread" daemon [_thread_blocked, id=1576, stack(0x00000044ab200000,0x00000044ab300000)]
  0x000001b97f16dfa0 JavaThread "RMI TCP Accept-0" daemon [_thread_in_native, id=22332, stack(0x00000044ab300000,0x00000044ab400000)]
  0x000001b97f16e4f0 JavaThread "Thread-0" [_thread_blocked, id=15560, stack(0x00000044abb00000,0x00000044abc00000)]
  0x000001b97f16ff80 JavaThread "restartedMain" [_thread_blocked, id=860, stack(0x00000044abc00000,0x00000044abd00000)]
  0x000001b97f1704d0 JavaThread "RMI TCP Connection(1)-192.168.1.221" daemon [_thread_in_native, id=14636, stack(0x00000044abd00000,0x00000044abe00000)]
  0x000001b97f16cfb0 JavaThread "RMI Scheduler(0)" daemon [_thread_blocked, id=12484, stack(0x00000044ac100000,0x00000044ac200000)]

Other Threads:
  0x000001b97f14cd80 VMThread "VM Thread" [stack: 0x00000044aa400000,0x00000044aa500000] [id=17432]
  0x000001b96bac9360 WatcherThread "VM Periodic Task Thread" [stack: 0x00000044ab400000,0x00000044ab500000] [id=20632]
  0x000001b96bb3a560 WorkerThread "GC Thread#0" [stack: 0x00000044a9f00000,0x00000044aa000000] [id=22420]
  0x000001b9086a9e40 WorkerThread "GC Thread#1" [stack: 0x00000044ab500000,0x00000044ab600000] [id=20440]
  0x000001b9086aa110 WorkerThread "GC Thread#2" [stack: 0x00000044ab600000,0x00000044ab700000] [id=16400]
  0x000001b9086cfee0 WorkerThread "GC Thread#3" [stack: 0x00000044ab700000,0x00000044ab800000] [id=12744]
  0x000001b9086d0750 WorkerThread "GC Thread#4" [stack: 0x00000044ab800000,0x00000044ab900000] [id=19132]
  0x000001b9086d01b0 WorkerThread "GC Thread#5" [stack: 0x00000044ab900000,0x00000044aba00000] [id=3728]
=>0x000001b9086d1560 WorkerThread "GC Thread#6" [stack: 0x00000044aba00000,0x00000044abb00000] [id=8484]
  0x000001b9086d0cf0 WorkerThread "GC Thread#7" [stack: 0x00000044abe00000,0x00000044abf00000] [id=17780]
  0x000001b9086d1290 WorkerThread "GC Thread#8" [stack: 0x00000044abf00000,0x00000044ac000000] [id=2548]
  0x000001b9086d1830 WorkerThread "GC Thread#9" [stack: 0x00000044ac000000,0x00000044ac100000] [id=18576]
  0x000001b97c4ce010 ConcurrentGCThread "G1 Main Marker" [stack: 0x00000044aa000000,0x00000044aa100000] [id=9960]
  0x000001b97c4ced20 WorkerThread "G1 Conc#0" [stack: 0x00000044aa100000,0x00000044aa200000] [id=17396]
  0x000001b9086d1b00 WorkerThread "G1 Conc#1" [stack: 0x00000044ac200000,0x00000044ac300000] [id=4588]
  0x000001b9086d0fc0 WorkerThread "G1 Conc#2" [stack: 0x00000044ac300000,0x00000044ac400000] [id=17204]
  0x000001b97c54c350 ConcurrentGCThread "G1 Refine#0" [stack: 0x00000044aa200000,0x00000044aa300000] [id=22120]
  0x000001b97c54cca0 ConcurrentGCThread "G1 Service" [stack: 0x00000044aa300000,0x00000044aa400000] [id=1524]

Threads with active compile tasks:

VM state: at safepoint (normal execution)

VM Mutex/Monitor currently owned by a thread:  ([mutex/lock_event])
[0x000001b96bac71c0] Threads_lock - owner thread: 0x000001b97f14cd80
[0x000001b96bac7250] Heap_lock - owner thread: 0x000001b97f16ff80

Heap address: 0x0000000703a00000, size: 4038 MB, Compressed Oops mode: Zero based, Oop shift amount: 3

CDS archive(s) mapped at: [0x0000000800000000-0x0000000800c40000-0x0000000800c40000), size 12845056, SharedBaseAddress: 0x0000000800000000, ArchiveRelocationMode: 0.
Compressed class space mapped at: 0x0000000801000000-0x0000000841000000, reserved size: 1073741824
Narrow klass base: 0x0000000800000000, Narrow klass shift: 0, Narrow klass range: 0x100000000

GC Precious Log:
 CardTable entry size: 512
 Card Set container configuration: InlinePtr #cards 4 size 8 Array Of Cards #cards 16 size 48 Howl #buckets 8 coarsen threshold 3686 Howl Bitmap #cards 512 size 80 coarsen threshold 460 Card regions per heap region 1 cards per card region 4096
 CPUs: 12 total, 12 available
 Memory: 16147M
 Large Page Support: Disabled
 NUMA Support: Disabled
 Compressed Oops: Enabled (Zero based)
 Heap Region Size: 2M
 Heap Min Capacity: 8M
 Heap Initial Capacity: 254M
 Heap Max Capacity: 4038M
 Pre-touch: Disabled
 Parallel Workers: 10
 Concurrent Workers: 3
 Concurrent Refinement Workers: 10
 Periodic GC: Disabled

Heap:
 garbage-first heap   total 61440K, used 41174K [0x0000000703a00000, 0x0000000800000000)
  region size 2048K, 15 young (30720K), 2 survivors (4096K)
 Metaspace       used 30209K, committed 30656K, reserved 1114112K
  class space    used 3983K, committed 4224K, reserved 1048576K

Heap Regions: E=young(eden), S=young(survivor), O=old, HS=humongous(starts), HC=humongous(continues), CS=collection set, F=free, OA=open archive, CA=closed archive, TAMS=top-at-mark-start (previous, next)
|   0|0x0000000703a00000, 0x0000000703c00000, 0x0000000703c00000|100%| O|  |TAMS 0x0000000703c00000, 0x0000000703a00000| Untracked 
|   1|0x0000000703c00000, 0x0000000703e00000, 0x0000000703e00000|100%| O|  |TAMS 0x0000000703e00000, 0x0000000703c00000| Untracked 
|   2|0x0000000703e00000, 0x0000000704000000, 0x0000000704000000|100%| O|  |TAMS 0x0000000704000000, 0x0000000703e00000| Untracked 
|   3|0x0000000704000000, 0x0000000704000000, 0x0000000704200000|  0%| F|  |TAMS 0x0000000704000000, 0x0000000704000000| Untracked 
|   4|0x0000000704200000, 0x0000000704400000, 0x0000000704400000|100%| O|  |TAMS 0x0000000704200000, 0x0000000704200000| Untracked 
|   5|0x0000000704400000, 0x0000000704600000, 0x0000000704600000|100%| O|  |TAMS 0x0000000704400000, 0x0000000704400000| Untracked 
|   6|0x0000000704600000, 0x0000000704800000, 0x0000000704800000|100%| O|  |TAMS 0x0000000704600000, 0x0000000704600000| Untracked 
|   7|0x0000000704800000, 0x00000007049b4200, 0x0000000704a00000| 85%| O|  |TAMS 0x0000000704800000, 0x0000000704800000| Untracked 
|   8|0x0000000704a00000, 0x0000000704a00000, 0x0000000704c00000|  0%| F|  |TAMS 0x0000000704a00000, 0x0000000704a00000| Untracked 
|   9|0x0000000704c00000, 0x0000000704c00000, 0x0000000704e00000|  0%| F|  |TAMS 0x0000000704c00000, 0x0000000704c00000| Untracked 
|  10|0x0000000704e00000, 0x0000000704e00000, 0x0000000705000000|  0%| F|  |TAMS 0x0000000704e00000, 0x0000000704e00000| Untracked 
|  11|0x0000000705000000, 0x0000000705000000, 0x0000000705200000|  0%| F|  |TAMS 0x0000000705000000, 0x0000000705000000| Untracked 
|  12|0x0000000705200000, 0x0000000705200000, 0x0000000705400000|  0%| F|  |TAMS 0x0000000705200000, 0x0000000705200000| Untracked 
|  13|0x0000000705400000, 0x0000000705400000, 0x0000000705600000|  0%| F|  |TAMS 0x0000000705400000, 0x0000000705400000| Untracked 
|  14|0x0000000705600000, 0x00000007056bcac0, 0x0000000705800000| 36%| S|  |TAMS 0x0000000705600000, 0x0000000705600000| Complete 
|  15|0x0000000705800000, 0x0000000705a00000, 0x0000000705a00000|100%| S|  |TAMS 0x0000000705800000, 0x0000000705800000| Complete 
|  16|0x0000000705a00000, 0x0000000705c00000, 0x0000000705c00000|100%| E|CS|TAMS 0x0000000705a00000, 0x0000000705a00000| Complete 
|  17|0x0000000705c00000, 0x0000000705e00000, 0x0000000705e00000|100%| E|CS|TAMS 0x0000000705c00000, 0x0000000705c00000| Complete 
|  18|0x0000000705e00000, 0x0000000706000000, 0x0000000706000000|100%| E|CS|TAMS 0x0000000705e00000, 0x0000000705e00000| Complete 
|  19|0x0000000706000000, 0x0000000706200000, 0x0000000706200000|100%| E|CS|TAMS 0x0000000706000000, 0x0000000706000000| Complete 
|  20|0x0000000706200000, 0x0000000706400000, 0x0000000706400000|100%| E|CS|TAMS 0x0000000706200000, 0x0000000706200000| Complete 
|  21|0x0000000706400000, 0x0000000706600000, 0x0000000706600000|100%| E|CS|TAMS 0x0000000706400000, 0x0000000706400000| Complete 
|  22|0x0000000706600000, 0x0000000706800000, 0x0000000706800000|100%| E|CS|TAMS 0x0000000706600000, 0x0000000706600000| Complete 
|  23|0x0000000706800000, 0x0000000706a00000, 0x0000000706a00000|100%| E|CS|TAMS 0x0000000706800000, 0x0000000706800000| Complete 
|  24|0x0000000706a00000, 0x0000000706c00000, 0x0000000706c00000|100%| E|CS|TAMS 0x0000000706a00000, 0x0000000706a00000| Complete 
|  95|0x000000070f800000, 0x000000070fa00000, 0x000000070fa00000|100%| E|CS|TAMS 0x000000070f800000, 0x000000070f800000| Complete 
|  96|0x000000070fa00000, 0x000000070fc00000, 0x000000070fc00000|100%| E|CS|TAMS 0x000000070fa00000, 0x000000070fa00000| Complete 
|  97|0x000000070fc00000, 0x000000070fe00000, 0x000000070fe00000|100%| E|CS|TAMS 0x000000070fc00000, 0x000000070fc00000| Complete 
| 125|0x0000000713400000, 0x0000000713481690, 0x0000000713600000| 25%| E|CS|TAMS 0x0000000713400000, 0x0000000713400000| Complete 
| 126|0x0000000713600000, 0x0000000713800000, 0x0000000713800000|100%| E|CS|TAMS 0x0000000713600000, 0x0000000713600000| Complete 

Card table byte_map: [0x000001b9774f0000,0x000001b977ce0000] _byte_map_base: 0x000001b973cd3000

Marking Bits (Prev, Next): (CMBitMap*) 0x000001b96bb3aae0, (CMBitMap*) 0x000001b96bb3aaa0
 Prev Bits: [0x000001b900000000, 0x000001b903f18000)
 Next Bits: [0x000001b9784d0000, 0x000001b97c3e8000)

Polling page: 0x000001b96b240000

Metaspace:

Usage:
  Non-class:     25.61 MB used.
      Class:      3.89 MB used.
       Both:     29.50 MB used.

Virtual space:
  Non-class space:       64.00 MB reserved,      25.81 MB ( 40%) committed,  1 nodes.
      Class space:        1.00 GB reserved,       4.12 MB ( <1%) committed,  1 nodes.
             Both:        1.06 GB reserved,      29.94 MB (  3%) committed. 

Chunk freelists:
   Non-Class:  2.19 MB
       Class:  3.92 MB
        Both:  6.11 MB

MaxMetaspaceSize: unlimited
CompressedClassSpaceSize: 1.00 GB
Initial GC threshold: 21.00 MB
Current GC threshold: 35.12 MB
CDS: on
MetaspaceReclaimPolicy: balanced
 - commit_granule_bytes: 65536.
 - commit_granule_words: 8192.
 - virtual_space_node_default_size: 8388608.
 - enlarge_chunks_in_place: 1.
 - new_chunks_are_fully_committed: 0.
 - uncommit_free_chunks: 1.
 - use_allocation_guard: 0.


Internal statistics:

num_allocs_failed_limit: 3.
num_arena_births: 524.
num_arena_deaths: 0.
num_vsnodes_births: 2.
num_vsnodes_deaths: 0.
num_space_committed: 479.
num_space_uncommitted: 0.
num_chunks_returned_to_freelist: 3.
num_chunks_taken_from_freelist: 1532.
num_chunk_merges: 3.
num_chunk_splits: 1071.
num_chunks_enlarged: 800.
num_inconsistent_stats: 0.

CodeCache: size=49152Kb used=9136Kb max_used=9136Kb free=40015Kb
 bounds [0x000001b9739d0000, 0x000001b9742c0000, 0x000001b9769d0000]
 total_blobs=4533 nmethods=3980 adapters=474
 compilation: enabled
              stopped_count=0, restarted_count=0
 full_count=0

Compilation events (20 events):
Event: 2.610 Thread 0x000001b97f26a110 3971       1       java.util.logging.LogManager$LoggerContext::requiresDefaultLoggers (29 bytes)
Event: 2.610 Thread 0x000001b97f26a110 nmethod 3971 0x000001b9742b9610 code [0x000001b9742b97c0, 0x000001b9742b98e8]
Event: 2.620 Thread 0x000001b97f26a110 3972       1       java.util.BitSet::expandTo (23 bytes)
Event: 2.620 Thread 0x000001b97f131750 3973       1       java.util.BitSet::set (58 bytes)
Event: 2.620 Thread 0x000001b97f26a110 nmethod 3972 0x000001b9742b9990 code [0x000001b9742b9b20, 0x000001b9742b9c28]
Event: 2.621 Thread 0x000001b97f131750 nmethod 3973 0x000001b9742b9c90 code [0x000001b9742b9e80, 0x000001b9742ba228]
Event: 2.622 Thread 0x000001b97f1311d0 3974       1       java.util.HashMap::newHashMap (12 bytes)
Event: 2.622 Thread 0x000001b97f1311d0 nmethod 3974 0x000001b9742ba490 code [0x000001b9742ba6a0, 0x000001b9742ba858]
Event: 2.623 Thread 0x000001b97f172370 3975       1       java.nio.charset.CharsetDecoder::<init> (10 bytes)
Event: 2.623 Thread 0x000001b97f172370 nmethod 3975 0x000001b9742ba990 code [0x000001b9742bab40, 0x000001b9742bac28]
Event: 2.637 Thread 0x000001b97f172370 3976       1       org.springframework.boot.web.server.MimeMappings$Mapping::getExtension (5 bytes)
Event: 2.637 Thread 0x000001b97f26a110 3977       1       org.springframework.boot.web.server.MimeMappings$Mapping::getMimeType (5 bytes)
Event: 2.637 Thread 0x000001b97f172370 nmethod 3976 0x000001b9742baf90 code [0x000001b9742bb120, 0x000001b9742bb1f8]
Event: 2.637 Thread 0x000001b97f26a110 nmethod 3977 0x000001b9742bb290 code [0x000001b9742bb420, 0x000001b9742bb4f8]
Event: 2.642 Thread 0x000001b97f1311d0 3978       1       sun.nio.fs.WindowsFileAttributes::fileKey (2 bytes)
Event: 2.642 Thread 0x000001b97f1311d0 nmethod 3978 0x000001b9742bb590 code [0x000001b9742bb720, 0x000001b9742bb7f8]
Event: 2.643 Thread 0x000001b97f172370 3979       1       jdk.internal.loader.BuiltinClassLoader$1::hasMoreElements (5 bytes)
Event: 2.643 Thread 0x000001b97f172370 nmethod 3979 0x000001b9742bb890 code [0x000001b9742bba20, 0x000001b9742bbb08]
Event: 2.646 Thread 0x000001b97f1311d0 3980       1       jdk.internal.perf.PerfCounter::addElapsedTimeFrom (10 bytes)
Event: 2.646 Thread 0x000001b97f1311d0 nmethod 3980 0x000001b9742bbb90 code [0x000001b9742bbd60, 0x000001b9742bc098]

GC Heap History (11 events):
Event: 0.581 GC heap before
{Heap before GC invocations=0 (full 0):
 garbage-first heap   total 260096K, used 20480K [0x0000000703a00000, 0x0000000800000000)
  region size 2048K, 11 young (22528K), 0 survivors (0K)
 Metaspace       used 6594K, committed 6720K, reserved 1114112K
  class space    used 787K, committed 832K, reserved 1048576K
}
Event: 0.586 GC heap after
{Heap after GC invocations=1 (full 0):
 garbage-first heap   total 260096K, used 6424K [0x0000000703a00000, 0x0000000800000000)
  region size 2048K, 2 young (4096K), 2 survivors (4096K)
 Metaspace       used 6594K, committed 6720K, reserved 1114112K
  class space    used 787K, committed 832K, reserved 1048576K
}
Event: 0.998 GC heap before
{Heap before GC invocations=1 (full 0):
 garbage-first heap   total 260096K, used 31000K [0x0000000703a00000, 0x0000000800000000)
  region size 2048K, 14 young (28672K), 2 survivors (4096K)
 Metaspace       used 11376K, committed 11712K, reserved 1114112K
  class space    used 1459K, committed 1600K, reserved 1048576K
}
Event: 1.001 GC heap after
{Heap after GC invocations=2 (full 0):
 garbage-first heap   total 260096K, used 8776K [0x0000000703a00000, 0x0000000800000000)
  region size 2048K, 2 young (4096K), 2 survivors (4096K)
 Metaspace       used 11376K, committed 11712K, reserved 1114112K
  class space    used 1459K, committed 1600K, reserved 1048576K
}
Event: 1.653 GC heap before
{Heap before GC invocations=2 (full 0):
 garbage-first heap   total 260096K, used 59976K [0x0000000703a00000, 0x0000000800000000)
  region size 2048K, 29 young (59392K), 2 survivors (4096K)
 Metaspace       used 21077K, committed 21504K, reserved 1114112K
  class space    used 2722K, committed 2944K, reserved 1048576K
}
Event: 1.658 GC heap after
{Heap after GC invocations=3 (full 0):
 garbage-first heap   total 260096K, used 12344K [0x0000000703a00000, 0x0000000800000000)
  region size 2048K, 3 young (6144K), 3 survivors (6144K)
 Metaspace       used 21077K, committed 21504K, reserved 1114112K
  class space    used 2722K, committed 2944K, reserved 1048576K
}
Event: 2.134 GC heap before
{Heap before GC invocations=4 (full 0):
 garbage-first heap   total 61440K, used 43064K [0x0000000703a00000, 0x0000000800000000)
  region size 2048K, 18 young (36864K), 3 survivors (6144K)
 Metaspace       used 24307K, committed 24704K, reserved 1114112K
  class space    used 3207K, committed 3392K, reserved 1048576K
}
Event: 2.139 GC heap after
{Heap after GC invocations=5 (full 0):
 garbage-first heap   total 61440K, used 13983K [0x0000000703a00000, 0x0000000800000000)
  region size 2048K, 2 young (4096K), 2 survivors (4096K)
 Metaspace       used 24307K, committed 24704K, reserved 1114112K
  class space    used 3207K, committed 3392K, reserved 1048576K
}
Event: 2.176 GC heap before
{Heap before GC invocations=5 (full 0):
 garbage-first heap   total 61440K, used 16031K [0x0000000703a00000, 0x0000000800000000)
  region size 2048K, 3 young (6144K), 2 survivors (4096K)
 Metaspace       used 24549K, committed 24960K, reserved 1114112K
  class space    used 3244K, committed 3456K, reserved 1048576K
}
Event: 2.178 GC heap after
{Heap after GC invocations=6 (full 0):
 garbage-first heap   total 61440K, used 14550K [0x0000000703a00000, 0x0000000800000000)
  region size 2048K, 1 young (2048K), 1 survivors (2048K)
 Metaspace       used 24549K, committed 24960K, reserved 1114112K
  class space    used 3244K, committed 3456K, reserved 1048576K
}
Event: 2.647 GC heap before
{Heap before GC invocations=6 (full 0):
 garbage-first heap   total 61440K, used 39126K [0x0000000703a00000, 0x0000000800000000)
  region size 2048K, 14 young (28672K), 1 survivors (2048K)
 Metaspace       used 30209K, committed 30656K, reserved 1114112K
  class space    used 3983K, committed 4224K, reserved 1048576K
}

Dll operation events (13 events):
Event: 0.006 Loaded shared library C:\Users\Dhinesh Sri Raam\.jdks\openjdk-19.0.2\bin\java.dll
Event: 0.019 Loaded shared library C:\Users\Dhinesh Sri Raam\.jdks\openjdk-19.0.2\bin\jsvml.dll
Event: 0.111 Loaded shared library C:\Users\Dhinesh Sri Raam\.jdks\openjdk-19.0.2\bin\zip.dll
Event: 0.113 Loaded shared library C:\Users\Dhinesh Sri Raam\.jdks\openjdk-19.0.2\bin\instrument.dll
Event: 0.118 Loaded shared library C:\Users\Dhinesh Sri Raam\.jdks\openjdk-19.0.2\bin\net.dll
Event: 0.120 Loaded shared library C:\Users\Dhinesh Sri Raam\.jdks\openjdk-19.0.2\bin\nio.dll
Event: 0.122 Loaded shared library C:\Users\Dhinesh Sri Raam\.jdks\openjdk-19.0.2\bin\zip.dll
Event: 0.190 Loaded shared library C:\Program Files\JetBrains\IntelliJ IDEA 2022.3.2\bin\breakgen64.dll
Event: 0.194 Loaded shared library C:\Users\Dhinesh Sri Raam\.jdks\openjdk-19.0.2\bin\jimage.dll
Event: 0.198 Loaded shared library C:\Users\Dhinesh Sri Raam\.jdks\openjdk-19.0.2\bin\extnet.dll
Event: 0.214 Loaded shared library C:\Users\Dhinesh Sri Raam\.jdks\openjdk-19.0.2\bin\management.dll
Event: 0.226 Loaded shared library C:\Users\Dhinesh Sri Raam\.jdks\openjdk-19.0.2\bin\management_ext.dll
Event: 0.923 Loaded shared library C:\Users\Dhinesh Sri Raam\.jdks\openjdk-19.0.2\bin\verify.dll

Deoptimization events (10 events):
Event: 0.314 Thread 0x000001b96bac8690 DEOPT PACKING pc=0x000001b973d99a55 sp=0x00000044a9dfd5e0
Event: 0.314 Thread 0x000001b96bac8690 DEOPT UNPACKING pc=0x000001b973a3b0e3 sp=0x00000044a9dfca90 mode 3
Event: 0.324 Thread 0x000001b96bac8690 DEOPT PACKING pc=0x000001b973db18d0 sp=0x00000044a9dfd5b0
Event: 0.324 Thread 0x000001b96bac8690 DEOPT UNPACKING pc=0x000001b973a3b0e3 sp=0x00000044a9dfca68 mode 3
Event: 0.859 Thread 0x000001b96bac8690 DEOPT PACKING pc=0x000001b973f3e899 sp=0x00000044a9dfdb80
Event: 0.859 Thread 0x000001b96bac8690 DEOPT UNPACKING pc=0x000001b973a3b0e3 sp=0x00000044a9dfd060 mode 3
Event: 1.936 Thread 0x000001b97f16ff80 DEOPT PACKING pc=0x000001b974024bd4 sp=0x00000044abcfd930
Event: 1.936 Thread 0x000001b97f16ff80 DEOPT UNPACKING pc=0x000001b973a3b0e3 sp=0x00000044abcfce88 mode 0
Event: 2.444 Thread 0x000001b97f16ff80 DEOPT PACKING pc=0x000001b973f33d25 sp=0x00000044abcfc9f0
Event: 2.444 Thread 0x000001b97f16ff80 DEOPT UNPACKING pc=0x000001b973a3b0e3 sp=0x00000044abcfbf58 mode 3

Classes loaded (20 events):
Event: 2.561 Loading class java/io/DeleteOnExitHook$1
Event: 2.561 Loading class java/io/DeleteOnExitHook$1 done
Event: 2.573 Loading class java/io/EOFException
Event: 2.573 Loading class java/io/EOFException done
Event: 2.576 Loading class javax/management/RuntimeErrorException
Event: 2.576 Loading class javax/management/RuntimeErrorException done
Event: 2.578 Loading class java/beans/PropertyChangeSupport
Event: 2.578 Loading class java/beans/PropertyChangeSupport done
Event: 2.578 Loading class java/beans/PropertyChangeSupport$PropertyChangeListenerMap
Event: 2.578 Loading class java/beans/ChangeListenerMap
Event: 2.578 Loading class java/beans/ChangeListenerMap done
Event: 2.578 Loading class java/beans/PropertyChangeSupport$PropertyChangeListenerMap done
Event: 2.583 Loading class java/nio/file/InvalidPathException
Event: 2.583 Loading class java/nio/file/InvalidPathException done
Event: 2.628 Loading class java/beans/PropertyChangeListenerProxy
Event: 2.628 Loading class java/util/EventListenerProxy
Event: 2.628 Loading class java/util/EventListenerProxy done
Event: 2.628 Loading class java/beans/PropertyChangeListenerProxy done
Event: 2.641 Loading class java/security/NoSuchProviderException
Event: 2.641 Loading class java/security/NoSuchProviderException done

Classes unloaded (0 events):
No events

Classes redefined (0 events):
No events

Internal exceptions (20 events):
Event: 2.339 Thread 0x000001b97f16ff80 Exception <a 'java/lang/ClassNotFoundException'{0x0000000706a4a428}: org/springframework/context/annotation/ImportAwareCustomizer> (0x0000000706a4a428) 
thrown [s\open\src\hotspot\share\classfile\systemDictionary.cpp, line 255]
Event: 2.339 Thread 0x000001b97f16ff80 Exception <a 'java/lang/ClassNotFoundException'{0x0000000706a4f5c8}: org/springframework/beans/factory/AwareCustomizer> (0x0000000706a4f5c8) 
thrown [s\open\src\hotspot\share\classfile\systemDictionary.cpp, line 255]
Event: 2.394 Thread 0x000001b97f16ff80 Exception <a 'java/lang/ArrayIndexOutOfBoundsException'{0x00000007069a29f8}: Index 3 out of bounds for length 3> (0x00000007069a29f8) 
thrown [s\open\src\hotspot\share\interpreter\interpreterRuntime.cpp, line 432]
Event: 2.394 Thread 0x000001b97f16ff80 Exception <a 'java/lang/ArrayIndexOutOfBoundsException'{0x00000007069a3020}: Index 3 out of bounds for length 3> (0x00000007069a3020) 
thrown [s\open\src\hotspot\share\interpreter\interpreterRuntime.cpp, line 432]
Event: 2.407 Thread 0x000001b97f16ff80 Exception <a 'java/lang/ArrayIndexOutOfBoundsException'{0x000000070663f298}: Index 11 out of bounds for length 11> (0x000000070663f298) 
thrown [s\open\src\hotspot\share\interpreter\interpreterRuntime.cpp, line 432]
Event: 2.407 Thread 0x000001b97f16ff80 Exception <a 'java/lang/ArrayIndexOutOfBoundsException'{0x000000070663fb20}: Index 11 out of bounds for length 11> (0x000000070663fb20) 
thrown [s\open\src\hotspot\share\interpreter\interpreterRuntime.cpp, line 432]
Event: 2.410 Thread 0x000001b97f16ff80 Exception <a 'java/lang/ArrayIndexOutOfBoundsException'{0x000000070666a5a0}: Index 3 out of bounds for length 3> (0x000000070666a5a0) 
thrown [s\open\src\hotspot\share\interpreter\interpreterRuntime.cpp, line 432]
Event: 2.410 Thread 0x000001b97f16ff80 Exception <a 'java/lang/ArrayIndexOutOfBoundsException'{0x000000070666ab78}: Index 3 out of bounds for length 3> (0x000000070666ab78) 
thrown [s\open\src\hotspot\share\interpreter\interpreterRuntime.cpp, line 432]
Event: 2.410 Thread 0x000001b97f16ff80 Exception <a 'java/lang/ArrayIndexOutOfBoundsException'{0x0000000706670020}: Index 11 out of bounds for length 11> (0x0000000706670020) 
thrown [s\open\src\hotspot\share\interpreter\interpreterRuntime.cpp, line 432]
Event: 2.410 Thread 0x000001b97f16ff80 Exception <a 'java/lang/ArrayIndexOutOfBoundsException'{0x00000007066708a8}: Index 11 out of bounds for length 11> (0x00000007066708a8) 
thrown [s\open\src\hotspot\share\interpreter\interpreterRuntime.cpp, line 432]
Event: 2.435 Thread 0x000001b97f16ff80 Exception <a 'java/lang/NoSuchMethodError'{0x000000070678d988}: 'java.lang.Object java.lang.invoke.DirectMethodHandle$Holder.invokeVirtual(java.lang.Object, java.lang.Object, java.lang.Object, java.lang.Object, java.lang.Object)'> (0x000000070678d988) 
thrown [s\open\src\hotspot\share\interpreter\linkResolver.cpp, line 774]
Event: 2.453 Thread 0x000001b97f16ff80 Exception <a 'java/lang/NoSuchMethodError'{0x0000000706456078}: 'int java.lang.invoke.DirectMethodHandle$Holder.invokeSpecial(java.lang.Object, java.lang.Object, java.lang.Object, java.lang.Object, java.lang.Object)'> (0x0000000706456078) 
thrown [s\open\src\hotspot\share\interpreter\linkResolver.cpp, line 774]
Event: 2.454 Thread 0x000001b97f16ff80 Exception <a 'java/lang/NoSuchMethodError'{0x000000070645d850}: 'void java.lang.invoke.DirectMethodHandle$Holder.invokeInterface(java.lang.Object, java.lang.Object, java.lang.Object)'> (0x000000070645d850) 
thrown [s\open\src\hotspot\share\interpreter\linkResolver.cpp, line 774]
Event: 2.505 Thread 0x000001b97f16ff80 Exception <a 'java/lang/NoSuchMethodError'{0x00000007062ebcf8}: 'void java.lang.invoke.DirectMethodHandle$Holder.invokeInterface(java.lang.Object, java.lang.Object, int)'> (0x00000007062ebcf8) 
thrown [s\open\src\hotspot\share\interpreter\linkResolver.cpp, line 774]
Event: 2.508 Thread 0x000001b97f16ff80 Exception <a 'java/lang/NoSuchMethodError'{0x0000000706333670}: 'void java.lang.invoke.DirectMethodHandle$Holder.invokeStatic(java.lang.Object, int, java.lang.Object)'> (0x0000000706333670) 
thrown [s\open\src\hotspot\share\interpreter\linkResolver.cpp, line 774]
Event: 2.509 Thread 0x000001b97f16ff80 Exception <a 'java/lang/NoSuchMethodError'{0x0000000706356e28}: 'int java.lang.invoke.DirectMethodHandle$Holder.invokeVirtual(java.lang.Object, java.lang.Object)'> (0x0000000706356e28) 
thrown [s\open\src\hotspot\share\interpreter\linkResolver.cpp, line 774]
Event: 2.510 Thread 0x000001b97f16ff80 Exception <a 'java/lang/NoSuchMethodError'{0x000000070635d928}: 'int java.lang.invoke.DirectMethodHandle$Holder.invokeSpecial(java.lang.Object, java.lang.Object, int)'> (0x000000070635d928) 
thrown [s\open\src\hotspot\share\interpreter\linkResolver.cpp, line 774]
Event: 2.510 Thread 0x000001b97f16ff80 Exception <a 'java/lang/NoSuchMethodError'{0x0000000706364d68}: 'int java.lang.invoke.DirectMethodHandle$Holder.invokeSpecialIFC(java.lang.Object, java.lang.Object, java.lang.Object, java.lang.Object)'> (0x0000000706364d68) 
thrown [s\open\src\hotspot\share\interpreter\linkResolver.cpp, line 774]
Event: 2.596 Thread 0x000001b97f16ff80 Exception <a 'java/lang/NoSuchMethodError'{0x0000000705c79a00}: 'int java.lang.invoke.DirectMethodHandle$Holder.invokeVirtual(java.lang.Object, java.lang.Object, java.lang.Object, java.lang.Object)'> (0x0000000705c79a00) 
thrown [s\open\src\hotspot\share\interpreter\linkResolver.cpp, line 774]
Event: 2.597 Thread 0x000001b97f16ff80 Exception <a 'java/lang/NoSuchMethodError'{0x0000000705c7d528}: 'int java.lang.invoke.DelegatingMethodHandle$Holder.reinvoke_L(java.lang.Object, java.lang.Object, java.lang.Object, java.lang.Object)'> (0x0000000705c7d528) 
thrown [s\open\src\hotspot\share\interpreter\linkResolver.cpp, line 774]

VM Operations (20 events):
Event: 1.974 Executing VM operation: HandshakeAllThreads done
Event: 1.990 Executing VM operation: ICBufferFull
Event: 1.991 Executing VM operation: ICBufferFull done
Event: 2.111 Executing VM operation: HandshakeAllThreads
Event: 2.111 Executing VM operation: HandshakeAllThreads done
Event: 2.114 Executing VM operation: HandshakeAllThreads
Event: 2.114 Executing VM operation: HandshakeAllThreads done
Event: 2.134 Executing VM operation: G1CollectForAllocation
Event: 2.140 Executing VM operation: G1CollectForAllocation done
Event: 2.163 Executing VM operation: HandshakeAllThreads
Event: 2.164 Executing VM operation: HandshakeAllThreads done
Event: 2.176 Executing VM operation: G1CollectForAllocation
Event: 2.178 Executing VM operation: G1CollectForAllocation done
Event: 2.389 Executing VM operation: HandshakeAllThreads
Event: 2.389 Executing VM operation: HandshakeAllThreads done
Event: 2.390 Executing VM operation: HandshakeAllThreads
Event: 2.390 Executing VM operation: HandshakeAllThreads done
Event: 2.426 Executing VM operation: HandshakeAllThreads
Event: 2.426 Executing VM operation: HandshakeAllThreads done
Event: 2.647 Executing VM operation: G1CollectForAllocation

Events (20 events):
Event: 0.101 Thread 0x000001b97f1311d0 Thread added: 0x000001b97f1311d0
Event: 0.102 Thread 0x000001b97f131750 Thread added: 0x000001b97f131750
Event: 0.102 Thread 0x000001b97f26a110 Thread added: 0x000001b97f26a110
Event: 0.191 Thread 0x000001b97f16da50 Thread added: 0x000001b97f16da50
Event: 0.191 Thread 0x000001b97f16ea40 Thread added: 0x000001b97f16ea40
Event: 0.424 Thread 0x000001b97f16dfa0 Thread added: 0x000001b97f16dfa0
Event: 0.925 Thread 0x000001b97f16e4f0 Thread added: 0x000001b97f16e4f0
Event: 0.927 Thread 0x000001b97f16ff80 Thread added: 0x000001b97f16ff80
Event: 0.948 Thread 0x000001b97f16ef90 Thread added: 0x000001b97f16ef90
Event: 1.181 Thread 0x000001b97f16ef90 Thread exited: 0x000001b97f16ef90
Event: 1.210 Thread 0x000001b97f1704d0 Thread added: 0x000001b97f1704d0
Event: 1.221 Thread 0x000001b97f16cfb0 Thread added: 0x000001b97f16cfb0
Event: 1.226 Thread 0x000001b97f16ef90 Thread added: 0x000001b97f16ef90
Event: 1.243 Thread 0x000001b97f16ef90 Thread exited: 0x000001b97f16ef90
Event: 1.435 Thread 0x000001b97f16ef90 Thread added: 0x000001b97f16ef90
Event: 1.479 Thread 0x000001b97f16ef90 Thread exited: 0x000001b97f16ef90
Event: 1.745 Thread 0x000001b97f16ef90 Thread added: 0x000001b97f16ef90
Event: 1.749 Thread 0x000001b97f16ef90 Thread exited: 0x000001b97f16ef90
Event: 2.251 Thread 0x000001b97f16ef90 Thread added: 0x000001b97f16ef90
Event: 2.255 Thread 0x000001b97f16ef90 Thread exited: 0x000001b97f16ef90


Dynamic libraries:
0x00007ff71d270000 - 0x00007ff71d27e000 	C:\Users\Dhinesh Sri Raam\.jdks\openjdk-19.0.2\bin\java.exe
0x00007ffa511f0000 - 0x00007ffa513e8000 	C:\Windows\SYSTEM32\ntdll.dll
0x00007ffa4f8b0000 - 0x00007ffa4f96f000 	C:\Windows\System32\KERNEL32.DLL
0x00007ffa4eb90000 - 0x00007ffa4ee6a000 	C:\Windows\System32\KERNELBASE.dll
0x00007ffa4ea10000 - 0x00007ffa4eb10000 	C:\Windows\System32\ucrtbase.dll
0x00007ffa457c0000 - 0x00007ffa457d7000 	C:\Users\Dhinesh Sri Raam\.jdks\openjdk-19.0.2\bin\jli.dll
0x00007ffa50fb0000 - 0x00007ffa5114d000 	C:\Windows\System32\USER32.dll
0x00007ffa4eb60000 - 0x00007ffa4eb82000 	C:\Windows\System32\win32u.dll
0x00007ffa50430000 - 0x00007ffa5045b000 	C:\Windows\System32\GDI32.dll
0x00007ffa4e900000 - 0x00007ffa4ea10000 	C:\Windows\System32\gdi32full.dll
0x00007ffa4ef00000 - 0x00007ffa4ef9d000 	C:\Windows\System32\msvcp_win.dll
0x00007ffa44cd0000 - 0x00007ffa44ceb000 	C:\Users\Dhinesh Sri Raam\.jdks\openjdk-19.0.2\bin\VCRUNTIME140.dll
0x00007ffa38030000 - 0x00007ffa382ca000 	C:\Windows\WinSxS\amd64_microsoft.windows.common-controls_6595b64144ccf1df_6.0.19041.1110_none_60b5254171f9507e\COMCTL32.dll
0x00007ffa4faf0000 - 0x00007ffa4fb8e000 	C:\Windows\System32\msvcrt.dll
0x00007ffa508c0000 - 0x00007ffa508f0000 	C:\Windows\System32\IMM32.DLL
0x00007ffa27050000 - 0x00007ffa271b0000 	C:\Program Files (x86)\Citrix\ICA Client\epclient64.dll
0x00007ffa4f1b0000 - 0x00007ffa4f1d7000 	C:\Windows\System32\bcrypt.dll
0x00007ffa50c50000 - 0x00007ffa50fa4000 	C:\Windows\System32\combase.dll
0x00007ffa50960000 - 0x00007ffa50a86000 	C:\Windows\System32\RPCRT4.dll
0x00007ffa46280000 - 0x00007ffa4628a000 	C:\Windows\SYSTEM32\VERSION.dll
0x00007ffa50af0000 - 0x00007ffa50b9e000 	C:\Windows\System32\ADVAPI32.dll
0x00007ffa50620000 - 0x00007ffa506bc000 	C:\Windows\System32\sechost.dll
0x00007ffa4da00000 - 0x00007ffa4da33000 	C:\Windows\SYSTEM32\ntmarta.dll
0x000001b96b130000 - 0x000001b96b1b2000 	C:\Windows\System32\bcryptprimitives.dll
0x00007ffa4d180000 - 0x00007ffa4d192000 	C:\Windows\SYSTEM32\kernel.appcore.dll
0x00007ffa45e70000 - 0x00007ffa45e7c000 	C:\Users\Dhinesh Sri Raam\.jdks\openjdk-19.0.2\bin\vcruntime140_1.dll
0x00007ffa391a0000 - 0x00007ffa3922e000 	C:\Users\Dhinesh Sri Raam\.jdks\openjdk-19.0.2\bin\msvcp140.dll
0x00007ff989c10000 - 0x00007ff98a8d0000 	C:\Users\Dhinesh Sri Raam\.jdks\openjdk-19.0.2\bin\server\jvm.dll
0x00007ffa28f50000 - 0x00007ffa28f59000 	C:\Windows\SYSTEM32\WSOCK32.dll
0x000001b96b1d0000 - 0x000001b96b23b000 	C:\Windows\System32\WS2_32.dll
0x00007ffa36490000 - 0x00007ffa364b7000 	C:\Windows\SYSTEM32\WINMM.dll
0x00007ffa457b0000 - 0x00007ffa457ba000 	C:\Users\Dhinesh Sri Raam\.jdks\openjdk-19.0.2\bin\jimage.dll
0x00007ffa4c6d0000 - 0x00007ffa4c8b4000 	C:\Windows\SYSTEM32\DBGHELP.DLL
0x00007ffa32780000 - 0x00007ffa327b4000 	C:\Windows\SYSTEM32\dbgcore.DLL
0x00007ffa46780000 - 0x00007ffa4678e000 	C:\Users\Dhinesh Sri Raam\.jdks\openjdk-19.0.2\bin\instrument.dll
0x00007ffa44a90000 - 0x00007ffa44ab6000 	C:\Users\Dhinesh Sri Raam\.jdks\openjdk-19.0.2\bin\java.dll
0x00007ffa03550000 - 0x00007ffa03627000 	C:\Users\Dhinesh Sri Raam\.jdks\openjdk-19.0.2\bin\jsvml.dll
0x00007ffa4fcc0000 - 0x00007ffa50404000 	C:\Windows\System32\SHELL32.dll
0x00007ffa4c9a0000 - 0x00007ffa4d133000 	C:\Windows\SYSTEM32\windows.storage.dll
0x00007ffa4e360000 - 0x00007ffa4e38e000 	C:\Windows\SYSTEM32\Wldp.dll
0x00007ffa50ba0000 - 0x00007ffa50c4d000 	C:\Windows\System32\SHCORE.dll
0x00007ffa4fa10000 - 0x00007ffa4fa65000 	C:\Windows\System32\shlwapi.dll
0x00007ffa4e840000 - 0x00007ffa4e85f000 	C:\Windows\SYSTEM32\profapi.dll
0x00007ffa42eb0000 - 0x00007ffa42ec8000 	C:\Users\Dhinesh Sri Raam\.jdks\openjdk-19.0.2\bin\zip.dll
0x00007ffa43030000 - 0x00007ffa43043000 	C:\Users\Dhinesh Sri Raam\.jdks\openjdk-19.0.2\bin\net.dll
0x00007ffa44160000 - 0x00007ffa4426a000 	C:\Windows\SYSTEM32\WINHTTP.dll
0x00007ffa4e0c0000 - 0x00007ffa4e12a000 	C:\Windows\system32\mswsock.dll
0x00007ffa42ed0000 - 0x00007ffa42ee6000 	C:\Users\Dhinesh Sri Raam\.jdks\openjdk-19.0.2\bin\nio.dll
0x00007ffa45810000 - 0x00007ffa4582a000 	C:\Program Files\JetBrains\IntelliJ IDEA 2022.3.2\bin\breakgen64.dll
0x00007ffa44b00000 - 0x00007ffa44b08000 	C:\Users\Dhinesh Sri Raam\.jdks\openjdk-19.0.2\bin\extnet.dll
0x00007ffa4ddb0000 - 0x00007ffa4de7b000 	C:\Windows\SYSTEM32\DNSAPI.dll
0x00007ffa4dd60000 - 0x00007ffa4dd9c000 	C:\Windows\SYSTEM32\IPHLPAPI.DLL
0x00007ffa4fa00000 - 0x00007ffa4fa08000 	C:\Windows\System32\NSI.dll
0x00007ffa37a60000 - 0x00007ffa37a6a000 	C:\Windows\System32\rasadhlp.dll
0x00007ffa37cc0000 - 0x00007ffa37d40000 	C:\Windows\System32\fwpuclnt.dll
0x00007ffa46770000 - 0x00007ffa4677a000 	C:\Users\Dhinesh Sri Raam\.jdks\openjdk-19.0.2\bin\management.dll
0x00007ffa45800000 - 0x00007ffa4580b000 	C:\Users\Dhinesh Sri Raam\.jdks\openjdk-19.0.2\bin\management_ext.dll
0x00007ffa4f8a0000 - 0x00007ffa4f8a8000 	C:\Windows\System32\PSAPI.DLL
0x00007ffa4e2b0000 - 0x00007ffa4e2c8000 	C:\Windows\SYSTEM32\CRYPTSP.dll
0x00007ffa4d970000 - 0x00007ffa4d9a4000 	C:\Windows\system32\rsaenh.dll
0x00007ffa4e800000 - 0x00007ffa4e82e000 	C:\Windows\SYSTEM32\USERENV.dll
0x00007ffa4e2d0000 - 0x00007ffa4e2dc000 	C:\Windows\SYSTEM32\CRYPTBASE.dll
0x00007ffa45290000 - 0x00007ffa452a7000 	C:\Windows\SYSTEM32\dhcpcsvc6.DLL
0x00007ffa45230000 - 0x00007ffa4524d000 	C:\Windows\SYSTEM32\dhcpcsvc.DLL
0x00007ffa1c130000 - 0x00007ffa1c147000 	C:\Windows\system32\napinsp.dll
0x00007ffa1c180000 - 0x00007ffa1c19b000 	C:\Windows\system32\pnrpnsp.dll
0x00007ffa1c110000 - 0x00007ffa1c125000 	C:\Windows\system32\wshbth.dll
0x00007ffa47820000 - 0x00007ffa4783d000 	C:\Windows\system32\NLAapi.dll
0x00007ffa1c0f0000 - 0x00007ffa1c102000 	C:\Windows\System32\winrnr.dll
0x00007ffa42ea0000 - 0x00007ffa42eb0000 	C:\Users\Dhinesh Sri Raam\.jdks\openjdk-19.0.2\bin\verify.dll

dbghelp: loaded successfully - version: 4.0.5 - missing functions: none
symbol engine: initialized successfully - sym options: 0x614 - pdb path: .;C:\Users\Dhinesh Sri Raam\.jdks\openjdk-19.0.2\bin;C:\Windows\SYSTEM32;C:\Windows\WinSxS\amd64_microsoft.windows.common-controls_6595b64144ccf1df_6.0.19041.1110_none_60b5254171f9507e;C:\Program Files (x86)\Citrix\ICA Client;C:\Users\Dhinesh Sri Raam\.jdks\openjdk-19.0.2\bin\server;C:\Program Files\JetBrains\IntelliJ IDEA 2022.3.2\bin

VM Arguments:
jvm_args: -XX:TieredStopAtLevel=1 -Dspring.output.ansi.enabled=always -Dcom.sun.management.jmxremote -Dspring.jmx.enabled=true -Dspring.liveBeansView.mbeanDomain -Dspring.application.admin.enabled=true -Dmanagement.endpoints.jmx.exposure.include=* -javaagent:C:\Program Files\JetBrains\IntelliJ IDEA 2022.3.2\lib\idea_rt.jar=56475:C:\Program Files\JetBrains\IntelliJ IDEA 2022.3.2\bin -Dfile.encoding=UTF-8 -Dsun.stdout.encoding=UTF-8 -Dsun.stderr.encoding=UTF-8 
java_command: com.dhinesh.ordermanagement.Application
java_class_path (initial): C:\Users\Dhinesh Sri Raam\Desktop\Project\Dhinesh Project\OrderManagementSystem\target\classes;C:\Users\Dhinesh Sri Raam\.m2\repository\org\springframework\boot\spring-boot-starter-data-jpa\2.2.6.RELEASE\spring-boot-starter-data-jpa-2.2.6.RELEASE.jar;C:\Users\Dhinesh Sri Raam\.m2\repository\jakarta\activation\jakarta.activation-api\1.2.2\jakarta.activation-api-1.2.2.jar;C:\Users\Dhinesh Sri Raam\.m2\repository\jakarta\persistence\jakarta.persistence-api\2.2.3\jakarta.persistence-api-2.2.3.jar;C:\Users\Dhinesh Sri Raam\.m2\repository\jakarta\transaction\jakarta.transaction-api\1.3.3\jakarta.transaction-api-1.3.3.jar;C:\Users\Dhinesh Sri Raam\.m2\repository\org\hibernate\hibernate-core\5.4.12.Final\hibernate-core-5.4.12.Final.jar;C:\Users\Dhinesh Sri Raam\.m2\repository\org\javassist\javassist\3.24.0-GA\javassist-3.24.0-GA.jar;C:\Users\Dhinesh Sri Raam\.m2\repository\net\bytebuddy\byte-buddy\1.10.8\byte-buddy-1.10.8.jar;C:\Users\Dhinesh Sri Raam\.m2\repository\antlr\antlr\2.7.7\antlr-2.7.7.jar;C:\Users\Dhinesh Sri Raam\.m2\repository\org\jboss\jandex\2.1.1.Final\jandex-2.1.1.Final.jar;C:\Users\Dhinesh Sri Raam\.m2\repository\org\dom4j\dom4j\2.1.1\dom4j-2.1.1.jar;C:\Users\Dhinesh Sri Raam\.m2\repository\org\hibernate\common\hibernate-commons-annotations\5.1.0.Final\hibernate-commons-annotations-5.1.0.Final.jar;C:\Users\Dhinesh Sri Raam\.m2\repository\org\glassfish\jaxb\jaxb-runtime\2.3.2\jaxb-runtime-2.3.2.jar;C:\Users\Dhinesh Sri Raam\.m2\repository\org\glassfish\jaxb\txw2\2.3.2\txw2-2.3.2.jar;C:\Users\Dhinesh Sri Raam\.m2\repository\com\sun\istack\istack-commons-runtime\3.0.8\istack-commons-runtime-3.0.8.jar;C:\Users\Dhinesh Sri Raam\.m2\repository\org\jvnet\staxex\stax-ex\1.8.1\stax-ex-1.8.1.jar;C:\Users\Dhinesh Sri Raam\.m2\repository\com\sun\xml\fastinfoset\FastInfoset\1.2.16\FastInfoset-1.2.16.jar;C:\Users\Dhinesh Sri Raam\.m2\repository\org\springframework\data\spring-data-jpa\2.2.6.RELEASE\spring-data-jpa-2.2.6.RELEASE.jar;C:\Users\Dhinesh Sri Raam\.m2\repository\org\springframework\data\spring-data-commons\2.2.6.RELEASE\spring-data-commons-2.2.6.RELEASE.jar;C:\Users\Dhinesh Sri Raam\.m2\repository\org\springframework\spring-orm\5.2.5.RELEASE\spring-orm-5.2.5.RELEASE.jar;C:\Users\Dhinesh Sri Raam\.m2\repository\org\springframework\spring-tx\5.2.5.RELEASE\spring-tx-5.2.5.RELEASE.jar;C:\Users\Dhinesh Sri Raam\.m2\repository\org\slf4j\slf4j-api\1.7.30\slf4j-api-1.7.30.jar;C:\Users\Dhinesh Sri Raam\.m2\repository\org\springframework\spring-aspects\5.2.5.RELEASE\spring-aspects-5.2.5.RELEASE.jar;C:\Users\Dhinesh Sri Raam\.m2\repository\org\springframework\boot\spring-boot-starter-web\2.2.6.RELEASE\spring-boot-starter-web-2.2.6.RELEASE.jar;C:\Users\Dhinesh Sri Raam\.m2\repository\org\springframework\boot\spring-boot-starter\2.2.6.RELEASE\spring-boot-starter-2.2.6.RELEASE.jar;C:\Users\Dhinesh Sri Raam\.m2\repository\jakarta\annotation\jakarta.annotation-api\1.3.5\jakarta.annotation-api-1.3.5.jar;C:\Users\Dhinesh Sri Raam\.m2\repository\org\yaml\snakeyaml\1.25\snakeyaml-1.25.jar;C:\Users\Dhinesh Sri Raam\.m2\repository\org\springframework\boot\spring-boot-starter-json\2.2.6.RELEASE\spring-boot-starter-json-2.2.6.RELEASE.jar;C:\Users\Dhinesh Sri Raam\.m2\repository\com\fasterxml\jackson\core\jackson-databind\2.10.3\jackson-databind-2.10.3.jar;C:\Users\Dhinesh Sri Raam\.m2\repository\com\fasterxml\jackson\core\jackson-annotations\2.10.3\jackson-annotations-2.10.3.jar;C:\Users\Dhinesh Sri Raam\.m2\repository\com\fasterxml\jackson\core\jackson-core\2.10.3\jackson-core-2.10.3.jar;C:\Users\Dhinesh Sri Raam\.m2\repository\com\fasterxml\jackson\datatype\jackson-datatype-jdk8\2.10.3\jackson-datatype-jdk8-2.10.3.jar;C:\Users\Dhinesh Sri Raam\.m2\repository\com\fasterxml\jackson\datatype\jackson-datatype-jsr310\2.10.3\jackson-datatype-jsr310-2.10.3.jar;C:\Users\Dhinesh Sri Raam\.m2\repository\com\fasterxml\jackson\module\jackson-module-parameter-names\2.10.3\jackson-module-parameter-names-2.10.3.jar;C:\Users\Dhinesh Sri Raam\.m2\repository\org\springframework\boot\spring-boot-starter-tomcat\2.2.6.RELEASE\spring-boot-starter-tomcat-2.2.6.RELEASE.jar;C:\Users\Dhinesh Sri Raam\.m2\repository\org\apache\tomcat\embed\tomcat-embed-core\9.0.33\tomcat-embed-core-9.0.33.jar;C:\Users\Dhinesh Sri Raam\.m2\repository\org\apache\tomcat\embed\tomcat-embed-el\9.0.33\tomcat-embed-el-9.0.33.jar;C:\Users\Dhinesh Sri Raam\.m2\repository\org\apache\tomcat\embed\tomcat-embed-websocket\9.0.33\tomcat-embed-websocket-9.0.33.jar;C:\Users\Dhinesh Sri Raam\.m2\repository\org\springframework\boot\spring-boot-starter-validation\2.2.6.RELEASE\spring-boot-starter-validation-2.2.6.RELEASE.jar;C:\Users\Dhinesh Sri Raam\.m2\repository\org\springframework\spring-web\5.2.5.RELEASE\spring-web-5.2.5.RELEASE.jar;C:\Users\Dhinesh Sri Raam\.m2\repository\org\springframework\spring-webmvc\5.2.5.RELEASE\spring-webmvc-5.2.5.RELEASE.jar;C:\Users\Dhinesh Sri Raam\.m2\repository\org\springframework\boot\spring-boot-starter-log4j2\2.2.6.RELEASE\spring-boot-starter-log4j2-2.2.6.RELEASE.jar;C:\Users\Dhinesh Sri Raam\.m2\repository\org\apache\logging\log4j\log4j-slf4j-impl\2.12.1\log4j-slf4j-impl-2.12.1.jar;C:\Users\Dhinesh Sri Raam\.m2\repository\org\apache\logging\log4j\log4j-api\2.12.1\log4j-api-2.12.1.jar;C:\Users\Dhinesh Sri Raam\.m2\repository\org\apache\logging\log4j\log4j-core\2.12.1\log4j-core-2.12.1.jar;C:\Users\Dhinesh Sri Raam\.m2\repository\org\apache\logging\log4j\log4j-jul\2.12.1\log4j-jul-2.12.1.jar;C:\Users\Dhinesh Sri Raam\.m2\repository\org\slf4j\jul-to-slf4j\1.7.30\jul-to-slf4j-1.7.30.jar;C:\Users\Dhinesh Sri Raam\.m2\repository\jakarta\xml\bind\jakarta.xml.bind-api\2.3.3\jakarta.xml.bind-api-2.3.3.jar;C:\Users\Dhinesh Sri Raam\.m2\repository\org\springframework\spring-core\5.2.5.RELEASE\spring-core-5.2.5.RELEASE.jar;C:\Users\Dhinesh Sri Raam\.m2\repository\org\springframework\spring-jcl\5.2.5.RELEASE\spring-jcl-5.2.5.RELEASE.jar;C:\Users\Dhinesh Sri Raam\.m2\repository\org\apache\tomcat\tomcat-jasper\9.0.33\tomcat-jasper-9.0.33.jar;C:\Users\Dhinesh Sri Raam\.m2\repository\org\apache\tomcat\tomcat-servlet-api\9.0.33\tomcat-servlet-api-9.0.33.jar;C:\Users\Dhinesh Sri Raam\.m2\repository\org\apache\tomcat\tomcat-juli\9.0.33\tomcat-juli-9.0.33.jar;C:\Users\Dhinesh Sri Raam\.m2\repository\org\apache\tomcat\tomcat-jsp-api\9.0.33\tomcat-jsp-api-9.0.33.jar;C:\Users\Dhinesh Sri Raam\.m2\repository\org\apache\tomcat\tomcat-el-api\9.0.33\tomcat-el-api-9.0.33.jar;C:\Users\Dhinesh Sri Raam\.m2\repository\org\eclipse\jdt\ecj\3.18.0\ecj-3.18.0.jar;C:\Users\Dhinesh Sri Raam\.m2\repository\org\apache\tomcat\tomcat-jasper-el\9.0.33\tomcat-jasper-el-9.0.33.jar;C:\Users\Dhinesh Sri Raam\.m2\repository\org\apache\tomcat\tomcat-api\9.0.33\tomcat-api-9.0.33.jar;C:\Users\Dhinesh Sri Raam\.m2\repository\org\apache\tomcat\tomcat-util-scan\9.0.33\tomcat-util-scan-9.0.33.jar;C:\Users\Dhinesh Sri Raam\.m2\repository\org\apache\tomcat\tomcat-util\9.0.33\tomcat-util-9.0.33.jar;C:\Users\Dhinesh Sri Raam\.m2\repository\org\springframework\boot\spring-boot-starter-security\2.2.6.RELEASE\spring-boot-starter-security-2.2.6.RELEASE.jar;C:\Users\Dhinesh Sri Raam\.m2\repository\org\springframework\spring-aop\5.2.5.RELEASE\spring-aop-5.2.5.RELEASE.jar;C:\Users\Dhinesh Sri Raam\.m2\repository\org\springframework\security\spring-security-config\5.2.2.RELEASE\spring-security-config-5.2.2.RELEASE.jar;C:\Users\Dhinesh Sri Raam\.m2\repository\org\springframework\security\spring-security-web\5.2.2.RELEASE\spring-security-web-5.2.2.RELEASE.jar;C:\Users\Dhinesh Sri Raam\.m2\repository\org\springframework\security\spring-security-taglibs\5.2.2.RELEASE\spring-security-taglibs-5.2.2.RELEASE.jar;C:\Users\Dhinesh Sri Raam\.m2\repository\org\springframework\security\spring-security-acl\5.2.2.RELEASE\spring-security-acl-5.2.2.RELEASE.jar;C:\Users\Dhinesh Sri Raam\.m2\repository\org\springframework\security\spring-security-core\5.2.2.RELEASE\spring-security-core-5.2.2.RELEASE.jar;C:\Users\Dhinesh Sri Raam\.m2\repository\org\springframework\spring-beans\5.2.5.RELEASE\spring-beans-5.2.5.RELEASE.jar;C:\Users\Dhinesh Sri Raam\.m2\repository\org\springframework\spring-context\5.2.5.RELEASE\spring-context-5.2.5.RELEASE.jar;C:\Users\Dhinesh Sri Raam\.m2\repository\org\springframework\spring-expression\5.2.5.RELEASE\spring-expression-5.2.5.RELEASE.jar;C:\Users\Dhinesh Sri Raam\.m2\repository\org\springframework\boot\spring-boot-devtools\2.2.6.RELEASE\spring-boot-devtools-2.2.6.RELEASE.jar;C:\Users\Dhinesh Sri Raam\.m2\repository\org\springframework\boot\spring-boot\2.2.6.RELEASE\spring-boot-2.2.6.RELEASE.jar;C:\Users\Dhinesh Sri Raam\.m2\repository\org\springframework\boot\spring-boot-autoconfigure\2.2.6.RELEASE\spring-boot-autoconfigure-2.2.6.RELEASE.jar;C:\Users\Dhinesh Sri Raam\.m2\repository\org\springframework\spring-context-support\5.2.5.RELEASE\spring-context-support-5.2.5.RELEASE.jar;C:\Users\Dhinesh Sri Raam\.m2\repository\org\springframework\boot\spring-boot-starter-mail\2.2.6.RELEASE\spring-boot-starter-mail-2.2.6.RELEASE.jar;C:\Users\Dhinesh Sri Raam\.m2\repository\com\sun\mail\jakarta.mail\1.6.5\jakarta.mail-1.6.5.jar;C:\Users\Dhinesh Sri Raam\.m2\repository\com\sun\activation\jakarta.activation\1.2.2\jakarta.activation-1.2.2.jar;C:\Users\Dhinesh Sri Raam\.m2\repository\javax\servlet\jstl\1.2\jstl-1.2.jar;C:\Users\Dhinesh Sri Raam\.m2\repository\javax\validation\validation-api\2.0.1.Final\validation-api-2.0.1.Final.jar;C:\Users\Dhinesh Sri Raam\.m2\repository\org\hibernate\validator\hibernate-validator\8.0.0.Final\hibernate-validator-8.0.0.Final.jar;C:\Users\Dhinesh Sri Raam\.m2\repository\jakarta\validation\jakarta.validation-api\2.0.2\jakarta.validation-api-2.0.2.jar;C:\Users\Dhinesh Sri Raam\.m2\repository\org\jboss\logging\jboss-logging\3.4.1.Final\jboss-logging-3.4.1.Final.jar;C:\Users\Dhinesh Sri Raam\.m2\repository\com\fasterxml\classmate\1.5.1\classmate-1.5.1.jar;C:\Users\Dhinesh Sri Raam\.m2\repository\org\springframework\boot\spring-boot-starter-aop\2.2.6.RELEASE\spring-boot-starter-aop-2.2.6.RELEASE.jar;C:\Users\Dhinesh Sri Raam\.m2\repository\org\aspectj\aspectjweaver\1.9.5\aspectjweaver-1.9.5.jar;C:\Users\Dhinesh Sri Raam\.m2\repository\org\springframework\boot\spring-boot-starter-jdbc\2.2.6.RELEASE\spring-boot-starter-jdbc-2.2.6.RELEASE.jar;C:\Users\Dhinesh Sri Raam\.m2\repository\com\zaxxer\HikariCP\3.4.2\HikariCP-3.4.2.jar;C:\Users\Dhinesh Sri Raam\.m2\repository\org\springframework\spring-jdbc\5.2.5.RELEASE\spring-jdbc-5.2.5.RELEASE.jar;C:\Users\Dhinesh Sri Raam\.m2\repository\com\mysql\mysql-connector-j\8.0.32\mysql-connector-j-8.0.32.jar
Launcher Type: SUN_STANDARD

[Global flags]
     intx CICompilerCount                          = 4                                         {product} {ergonomic}
     uint ConcGCThreads                            = 3                                         {product} {ergonomic}
     uint G1ConcRefinementThreads                  = 10                                        {product} {ergonomic}
   size_t G1HeapRegionSize                         = 2097152                                   {product} {ergonomic}
    uintx GCDrainStackTargetSize                   = 64                                        {product} {ergonomic}
   size_t InitialHeapSize                          = 266338304                                 {product} {ergonomic}
     bool ManagementServer                         = true                                      {product} {command line}
   size_t MarkStackSize                            = 4194304                                   {product} {ergonomic}
   size_t MaxHeapSize                              = 4234149888                                {product} {ergonomic}
   size_t MaxNewSize                               = 2539651072                                {product} {ergonomic}
   size_t MinHeapDeltaBytes                        = 2097152                                   {product} {ergonomic}
   size_t MinHeapSize                              = 8388608                                   {product} {ergonomic}
    uintx NonProfiledCodeHeapSize                  = 0                                      {pd product} {ergonomic}
     bool ProfileInterpreter                       = false                                  {pd product} {command line}
    uintx ProfiledCodeHeapSize                     = 0                                      {pd product} {ergonomic}
   size_t SoftMaxHeapSize                          = 4234149888                             {manageable} {ergonomic}
     intx TieredStopAtLevel                        = 1                                         {product} {command line}
     bool UseCompressedClassPointers               = true                           {product lp64_product} {ergonomic}
     bool UseCompressedOops                        = true                           {product lp64_product} {ergonomic}
     bool UseG1GC                                  = true                                      {product} {ergonomic}
     bool UseLargePagesIndividualAllocation        = false                                  {pd product} {ergonomic}

Logging:
Log output configuration:
 #0: stdout all=warning uptime,level,tags foldmultilines=false
 #1: stderr all=off uptime,level,tags foldmultilines=false

Environment Variables:
PATH=C:\Program Files\Common Files\Oracle\Java\javapath;C:\Windows\system32;C:\Windows;C:\Windows\System32\Wbem;C:\Windows\System32\WindowsPowerShell\v1.0\;C:\Windows\System32\OpenSSH\;C:\Program Files (x86)\NVIDIA Corporation\PhysX\Common;C:\Program Files\NVIDIA Corporation\NVIDIA NvDLISR;C:\Program Files (x86)\Microsoft SQL Server\150\DTS\Binn\;C:\Program Files\Azure Data Studio\bin;C:\Program Files\Microsoft SQL Server\Client SDK\ODBC\170\Tools\Binn\;C:\Program Files (x86)\Microsoft SQL Server\150\Tools\Binn\;C:\Program Files\Microsoft SQL Server\150\Tools\Binn\;C:\Program Files\Microsoft SQL Server\150\DTS\Binn\;C:\Program Files\Microsoft SQL Server\130\Tools\Binn\;C:\Program Files (x86)\Microsoft SQL Server\110\DTS\Binn\;C:\Program Files (x86)\Microsoft SQL Server\120\DTS\Binn\;C:\Program Files (x86)\Microsoft SQL Server\130\DTS\Binn\;C:\Program Files (x86)\Microsoft SQL Server\140\DTS\Binn\;C:\Program Files (x86)\Microsoft SQL Server\160\DTS\Binn\;C:\Program Files\dotnet\;C:\Program Files\Git\cmd;C:\Program Files\MySQL\MySQL Shell 8.0\bin\;C:\Users\Dhinesh Sri Raam\AppData\Local\Programs\Python\Python310\Scripts\;C:\Users\Dhinesh Sri Raam\AppData\Local\Programs\Python\Python310\;C:\Users\Dhinesh Sri Raam\AppData\Local\Microsoft\WindowsApps;;C:\Program Files\Azure Data Studio\bin;C:\Users\Dhinesh Sri Raam\AppData\Local\Programs\Microsoft VS Code\bin;C:\Users\Dhinesh Sri Raam\.dotnet\tools
USERNAME=Dhinesh Sri Raam
OS=Windows_NT
PROCESSOR_IDENTIFIER=Intel64 Family 6 Model 141 Stepping 1, GenuineIntel
TMP=C:\Users\DHINES~1\AppData\Local\Temp
TEMP=C:\Users\DHINES~1\AppData\Local\Temp



---------------  S Y S T E M  ---------------

OS:
 Windows 10 , 64 bit Build 19041 (10.0.19041.2788)
OS uptime: 0 days 21:54 hours

CPU: total 12 (initial active 12) (6 cores per cpu, 2 threads per core) family 6 model 141 stepping 1 microcode 0x3c, cx8, cmov, fxsr, ht, mmx, 3dnowpref, sse, sse2, sse3, ssse3, sse4.1, sse4.2, popcnt, lzcnt, tsc, tscinvbit, avx, avx2, aes, erms, clmul, bmi1, bmi2, adx, avx512f, avx512dq, avx512cd, avx512bw, avx512vl, sha, fma, vzeroupper, avx512_vpopcntdq, avx512_vpclmulqdq, avx512_vaes, avx512_vnni, clflush, clflushopt, clwb, avx512_vbmi2, avx512_vbmi, rdtscp, rdpid, fsrm, gfni, avx512_bitalg

Memory: 4k page, system-wide physical 16147M (6146M free)
TotalPageFile size 21011M (AvailPageFile size 3857M)
current process WorkingSet (physical memory assigned to process): 145M, peak: 145M
current process commit charge ("private bytes"): 199M, peak: 385M

vm_info: OpenJDK 64-Bit Server VM (19.0.2+7-44) for windows-amd64 JRE (19.0.2+7-44), built on 2022-11-30T18:02:09Z by "mach5one" with MS VC++ 17.1 (VS2022)

END.
